[2020-08-19 11:25:13][debug][error]:[EasySwoole\Task\Worker bind /work/entrepreneurship/Temp/EasySwoole.TaskWorker.2.sock fail case Operation not permitted at file:/work/entrepreneurship/vendor/easyswoole/component/src/Process/Socket/AbstractUnixProcess.php line:31]
[2020-08-19 11:25:13][debug][error]:[EasySwoole\Task\Worker bind /work/entrepreneurship/Temp/EasySwoole.TaskWorker.3.sock fail case Operation not permitted at file:/work/entrepreneurship/vendor/easyswoole/component/src/Process/Socket/AbstractUnixProcess.php line:31]
[2020-08-19 11:25:13][debug][error]:[EasySwoole\EasySwoole\Bridge\BridgeProcess bind /work/entrepreneurship/Temp/bridge.sock fail case Operation not permitted at file:/work/entrepreneurship/vendor/easyswoole/component/src/Process/Socket/AbstractUnixProcess.php line:31]
[2020-08-19 11:25:13][debug][error]:[EasySwoole\Task\Worker bind /work/entrepreneurship/Temp/EasySwoole.TaskWorker.0.sock fail case Operation not permitted at file:/work/entrepreneurship/vendor/easyswoole/component/src/Process/Socket/AbstractUnixProcess.php line:31]
[2020-08-19 11:25:13][debug][error]:[EasySwoole\Task\Worker bind /work/entrepreneurship/Temp/EasySwoole.TaskWorker.1.sock fail case Operation not permitted at file:/work/entrepreneurship/vendor/easyswoole/component/src/Process/Socket/AbstractUnixProcess.php line:31]
[2020-08-19 11:46:53][debug][error]:[syntax error, unexpected 'string' (T_STRING), expecting function (T_FUNCTION) or const (T_CONST) at file:/work/entrepreneurship/App/HttpController/Constellation/Luck.php line:14]
[2020-08-19 11:47:22][debug][error]:[syntax error, unexpected 'string' (T_STRING), expecting function (T_FUNCTION) or const (T_CONST) at file:/work/entrepreneurship/App/HttpController/Constellation/Luck.php line:14]
[2020-08-19 11:47:34][debug][error]:[syntax error, unexpected 'string' (T_STRING), expecting function (T_FUNCTION) or const (T_CONST) at file:/work/entrepreneurship/App/HttpController/Constellation/Luck.php line:14]
[2020-08-19 11:48:46][debug][error]:[syntax error, unexpected 'string' (T_STRING), expecting function (T_FUNCTION) or const (T_CONST) at file:/work/entrepreneurship/App/HttpController/Constellation/Luck.php line:14]
[2020-08-19 11:49:57][debug][error]:[syntax error, unexpected 'string' (T_STRING), expecting function (T_FUNCTION) or const (T_CONST) at file:/work/entrepreneurship/App/HttpController/Constellation/Luck.php line:14]
[2020-08-19 11:50:55][debug][error]:[syntax error, unexpected 'string' (T_STRING), expecting function (T_FUNCTION) or const (T_CONST) at file:/work/entrepreneurship/App/HttpController/Constellation/Luck.php line:14]
[2020-08-19 11:55:17][debug][error]:[Too few arguments to function App\HttpController\Constellation\Luck::Todayluck(), 0 passed in /work/entrepreneurship/vendor/easyswoole/http/src/AbstractInterface/Controller.php on line 162 and exactly 1 expected at file:/work/entrepreneurship/App/HttpController/Constellation/Luck.php line:22]
[2020-08-19 11:55:22][debug][error]:[Too few arguments to function App\HttpController\Constellation\Luck::Todayluck(), 0 passed in /work/entrepreneurship/vendor/easyswoole/http/src/AbstractInterface/Controller.php on line 162 and exactly 1 expected at file:/work/entrepreneurship/App/HttpController/Constellation/Luck.php line:22]
[2020-08-19 13:13:05][debug][error]:[Class 'EasySwoole\Validate\Validate' not found at file:/work/entrepreneurship/App/HttpController/Constellation/Luck.php line:25]
[2020-08-19 13:13:38][debug][error]:[Class 'EasySwoole\Validate\Validate' not found at file:/work/entrepreneurship/App/HttpController/Constellation/Luck.php line:25]
[2020-08-19 13:14:36][debug][error]:[Class 'EasySwoole\Validate\Validate' not found at file:/work/entrepreneurship/App/HttpController/Constellation/Luck.php line:25]
[2020-08-19 13:24:35][debug][notice]:[Undefined index: constellation at file:/work/entrepreneurship/App/HttpController/Constellation/Luck.php line:31]
[2020-08-19 13:24:35][debug][error]:[Cannot use object of type stdClass as array at file:/work/entrepreneurship/App/HttpController/Constellation/Luck.php line:39]
[2020-08-19 13:24:46][debug][error]:[Cannot use object of type stdClass as array at file:/work/entrepreneurship/App/HttpController/Constellation/Luck.php line:39]
[2020-08-19 13:24:52][debug][error]:[Cannot use object of type stdClass as array at file:/work/entrepreneurship/App/HttpController/Constellation/Luck.php line:39]
[2020-08-19 13:25:01][debug][notice]:[Undefined index: constellation at file:/work/entrepreneurship/App/HttpController/Constellation/Luck.php line:31]
[2020-08-19 13:25:01][debug][error]:[Cannot use object of type stdClass as array at file:/work/entrepreneurship/App/HttpController/Constellation/Luck.php line:39]
